0 verbose cli /usr/local/bin/node /usr/local/bin/npm
1 info using npm@10.9.0
2 info using node@v22.12.0
3 silly config load:file:/usr/local/lib/node_modules/npm/npmrc
4 silly config load:file:/Users/giuseppesena/Library/Caches/typescript/5.6/.npmrc
5 silly config load:file:/Users/giuseppesena/.npmrc
6 silly config load:file:/usr/local/etc/npmrc
7 verbose title npm install types-registry@latest
8 verbose argv "install" "--ignore-scripts" "types-registry@latest"
9 verbose logfile logs-max:10 dir:/Users/giuseppesena/.npm/_logs/2024-12-16T13_01_56_922Z-
10 verbose logfile /Users/giuseppesena/.npm/_logs/2024-12-16T13_01_56_922Z-debug-0.log
11 silly logfile start cleaning logs, removing 1 files
12 silly packumentCache heap:2197815296 maxSize:549453824 maxEntrySize:274726912
13 silly logfile done cleaning log files
14 silly packumentCache corgi:https://registry.npmjs.org/types-registry cache-miss
15 http fetch GET 200 https://registry.npmjs.org/types-registry 238ms (cache updated)
16 silly packumentCache corgi:https://registry.npmjs.org/types-registry set size:undefined disposed:false
17 silly idealTree buildDeps
18 silly fetch manifest types-registry@0.1.699
19 silly packumentCache full:https://registry.npmjs.org/types-registry cache-miss
20 http fetch GET 200 https://registry.npmjs.org/npm 282ms
21 http fetch GET 200 https://registry.npmjs.org/types-registry 63ms (cache updated)
22 silly packumentCache full:https://registry.npmjs.org/types-registry set size:undefined disposed:false
23 silly placeDep ROOT types-registry@0.1.699 REPLACE for:  want: 0.1.699
24 silly reify mark retired [
24 silly reify   '/Users/giuseppesena/Library/Caches/typescript/5.6/node_modules/types-registry'
24 silly reify ]
25 silly reify moves {
25 silly reify   '/Users/giuseppesena/Library/Caches/typescript/5.6/node_modules/types-registry': '/Users/giuseppesena/Library/Caches/typescript/5.6/node_modules/.types-registry-PG6DHXYv'
25 silly reify }
26 silly audit bulk request { 'types-registry': [ '0.1.699' ] }
27 silly tarball no local data for types-registry@https://registry.npmjs.org/types-registry/-/types-registry-0.1.699.tgz. Extracting by manifest.
28 http fetch GET 200 https://registry.npmjs.org/types-registry/-/types-registry-0.1.699.tgz 77ms (cache miss)
29 http fetch POST 200 https://registry.npmjs.org/-/npm/v1/security/advisories/bulk 209ms
30 silly audit report {}
31 silly CHANGE node_modules/types-registry
32 verbose cwd /Users/giuseppesena/Library/Caches/typescript/5.6
33 verbose os Darwin 24.1.0
34 verbose node v22.12.0
35 verbose npm  v10.9.0
36 notice
36 notice New patch version of npm available! 10.9.0 -> 10.9.2
36 notice Changelog: https://github.com/npm/cli/releases/tag/v10.9.2
36 notice To update run: npm install -g npm@10.9.2
36 notice  { force: true, [Symbol(proc-log.meta)]: true }
37 verbose exit 0
38 info ok
