0 verbose cli /usr/local/bin/node /usr/local/bin/npm
1 info using npm@10.9.0
2 info using node@v22.12.0
3 silly config load:file:/usr/local/lib/node_modules/npm/npmrc
4 silly config load:file:/Users/giuseppesena/.npmrc
5 silly config load:file:/usr/local/etc/npmrc
6 verbose title npm install npm@11.0.0
7 verbose argv "install" "--global" "npm@11.0.0"
8 verbose logfile logs-max:10 dir:/Users/giuseppesena/.npm/_logs/2025-01-14T07_04_37_261Z-
9 verbose logfile /Users/giuseppesena/.npm/_logs/2025-01-14T07_04_37_261Z-debug-0.log
10 silly logfile start cleaning logs, removing 1 files
11 silly logfile done cleaning log files
12 http fetch GET 200 https://registry.npmjs.org/npm 197ms (cache miss)
13 silly packumentCache heap:2197815296 maxSize:549453824 maxEntrySize:274726912
14 silly idealTree buildDeps
15 silly fetch manifest npm@11.0.0
16 silly packumentCache full:https://registry.npmjs.org/npm cache-miss
17 http fetch GET 200 https://registry.npmjs.org/npm 826ms (cache miss)
18 silly packumentCache full:https://registry.npmjs.org/npm set size:undefined disposed:false
19 silly placeDep ROOT npm@11.0.0 OK for:  want: 11.0.0
20 silly reify mark retired [
20 silly reify   '/usr/local/lib/node_modules/npm',
20 silly reify   '/usr/local/bin/npm',
20 silly reify   '/usr/local/bin/npx'
20 silly reify ]
21 silly reify moves {
21 silly reify   '/usr/local/lib/node_modules/npm': '/usr/local/lib/node_modules/.npm-i9nnxROI',
21 silly reify   '/usr/local/bin/npm': '/usr/local/bin/.npm-uJtxIR1m',
21 silly reify   '/usr/local/bin/npx': '/usr/local/bin/.npx-xXo12k2C'
21 silly reify }
22 verbose stack Error: EACCES: permission denied, rename '/usr/local/lib/node_modules/npm' -> '/usr/local/lib/node_modules/.npm-i9nnxROI'
22 verbose stack     at async Object.rename (node:internal/fs/promises:783:10)
22 verbose stack     at async moveFile (/usr/local/lib/node_modules/npm/node_modules/@npmcli/fs/lib/move-file.js:30:5)
22 verbose stack     at async Promise.allSettled (index 0)
22 verbose stack     at async [reifyPackages] (/usr/local/lib/node_modules/npm/node_modules/@npmcli/arborist/lib/arborist/reify.js:325:11)
22 verbose stack     at async Arborist.reify (/usr/local/lib/node_modules/npm/node_modules/@npmcli/arborist/lib/arborist/reify.js:142:5)
22 verbose stack     at async Install.exec (/usr/local/lib/node_modules/npm/lib/commands/install.js:150:5)
22 verbose stack     at async Npm.exec (/usr/local/lib/node_modules/npm/lib/npm.js:207:9)
22 verbose stack     at async module.exports (/usr/local/lib/node_modules/npm/lib/cli/entry.js:74:5)
23 error code EACCES
24 error syscall rename
25 error path /usr/local/lib/node_modules/npm
26 error dest /usr/local/lib/node_modules/.npm-i9nnxROI
27 error errno -13
28 error Error: EACCES: permission denied, rename '/usr/local/lib/node_modules/npm' -> '/usr/local/lib/node_modules/.npm-i9nnxROI'
28 error     at async Object.rename (node:internal/fs/promises:783:10)
28 error     at async moveFile (/usr/local/lib/node_modules/npm/node_modules/@npmcli/fs/lib/move-file.js:30:5)
28 error     at async Promise.allSettled (index 0)
28 error     at async [reifyPackages] (/usr/local/lib/node_modules/npm/node_modules/@npmcli/arborist/lib/arborist/reify.js:325:11)
28 error     at async Arborist.reify (/usr/local/lib/node_modules/npm/node_modules/@npmcli/arborist/lib/arborist/reify.js:142:5)
28 error     at async Install.exec (/usr/local/lib/node_modules/npm/lib/commands/install.js:150:5)
28 error     at async Npm.exec (/usr/local/lib/node_modules/npm/lib/npm.js:207:9)
28 error     at async module.exports (/usr/local/lib/node_modules/npm/lib/cli/entry.js:74:5) {
28 error   errno: -13,
28 error   code: 'EACCES',
28 error   syscall: 'rename',
28 error   path: '/usr/local/lib/node_modules/npm',
28 error   dest: '/usr/local/lib/node_modules/.npm-i9nnxROI'
28 error }
29 error
29 error The operation was rejected by your operating system.
29 error It is likely you do not have the permissions to access this file as the current user
29 error
29 error If you believe this might be a permissions issue, please double-check the
29 error permissions of the file and its containing directories, or try running
29 error the command again as root/Administrator.
30 silly unfinished npm timer reify 1736838277652
31 silly unfinished npm timer reify:retireShallow 1736838278657
32 verbose cwd /Users/giuseppesena
33 verbose os Darwin 24.2.0
34 verbose node v22.12.0
35 verbose npm  v10.9.0
36 verbose exit -13
37 verbose code -13
38 error A complete log of this run can be found in: /Users/giuseppesena/.npm/_logs/2025-01-14T07_04_37_261Z-debug-0.log
