0 verbose cli /usr/local/bin/node /usr/local/bin/npm
1 info using npm@10.9.0
2 info using node@v22.12.0
3 silly config load:file:/usr/local/lib/node_modules/npm/npmrc
4 silly config load:file:/Users/giuseppesena/Library/Caches/typescript/5.6/.npmrc
5 silly config load:file:/Users/giuseppesena/.npmrc
6 silly config load:file:/usr/local/etc/npmrc
7 verbose title npm install types-registry@latest
8 verbose argv "install" "--ignore-scripts" "types-registry@latest"
9 verbose logfile logs-max:10 dir:/Users/giuseppesena/.npm/_logs/2025-01-14T12_57_50_143Z-
10 verbose logfile /Users/giuseppesena/.npm/_logs/2025-01-14T12_57_50_143Z-debug-0.log
11 silly logfile start cleaning logs, removing 1 files
12 silly packumentCache heap:2197815296 maxSize:549453824 maxEntrySize:274726912
13 silly logfile done cleaning log files
14 silly packumentCache corgi:https://registry.npmjs.org/types-registry cache-miss
15 http fetch GET 200 https://registry.npmjs.org/types-registry 254ms (cache updated)
16 silly packumentCache corgi:https://registry.npmjs.org/types-registry set size:undefined disposed:false
17 silly idealTree buildDeps
18 silly fetch manifest types-registry@0.1.703
19 silly packumentCache full:https://registry.npmjs.org/types-registry cache-miss
20 http fetch GET 200 https://registry.npmjs.org/types-registry 84ms (cache updated)
21 silly packumentCache full:https://registry.npmjs.org/types-registry set size:undefined disposed:false
22 silly placeDep ROOT types-registry@0.1.703 REPLACE for:  want: 0.1.703
23 silly reify mark retired [
23 silly reify   '/Users/giuseppesena/Library/Caches/typescript/5.6/node_modules/types-registry'
23 silly reify ]
24 silly reify moves {
24 silly reify   '/Users/giuseppesena/Library/Caches/typescript/5.6/node_modules/types-registry': '/Users/giuseppesena/Library/Caches/typescript/5.6/node_modules/.types-registry-PG6DHXYv'
24 silly reify }
25 silly audit bulk request {
25 silly audit   '@types/node': [ '22.10.5' ],
25 silly audit   'undici-types': [ '6.20.0' ],
25 silly audit   'types-registry': [ '0.1.703' ]
25 silly audit }
26 silly tarball no local data for types-registry@https://registry.npmjs.org/types-registry/-/types-registry-0.1.703.tgz. Extracting by manifest.
27 http fetch POST 200 https://registry.npmjs.org/-/npm/v1/security/advisories/bulk 214ms
28 silly audit report {}
29 http fetch GET 200 https://registry.npmjs.org/types-registry/-/types-registry-0.1.703.tgz 217ms (cache miss)
30 silly CHANGE node_modules/types-registry
31 verbose cwd /Users/giuseppesena/Library/Caches/typescript/5.6
32 verbose os Darwin 24.2.0
33 verbose node v22.12.0
34 verbose npm  v10.9.0
35 verbose exit 0
36 info ok
